-------------------------------------------------------------------------------
Test set: com.example.demo.InfosysSpringBootApplicationTests
-------------------------------------------------------------------------------
Tests run: 1, Failures: 0, Errors: 1, Skipped: 0, Time elapsed: 1.029 s <<< FAILURE! - in com.example.demo.InfosysSpringBootApplicationTests
com.example.demo.InfosysSpringBootApplicationTests  Time elapsed: 1.025 s  <<< ERROR!
java.lang.IllegalStateException: Unable to find a @SpringBootConfiguration, you need to use @ContextConfiguration or @SpringBootTest(classes=...) with your test

